[INFO] Scanning for projects...
[INFO] 
[INFO] ---------------------< com.sigret:sigret-backend >----------------------
[INFO] Building sigret 0.0.1-SNAPSHOT
[INFO]   from pom.xml
[INFO] --------------------------------[ jar ]---------------------------------
[INFO] 
[INFO] >>> spring-boot:3.5.6:run (default-cli) > test-compile @ sigret-backend >>>
[INFO] 
[INFO] --- resources:3.3.1:resources (default-resources) @ sigret-backend ---
[INFO] Copying 1 resource from src\main\resources to target\classes
[INFO] Copying 1 resource from src\main\resources to target\classes
[INFO] 
[INFO] --- compiler:3.14.0:compile (default-compile) @ sigret-backend ---
[INFO] Nothing to compile - all classes are up to date.
[INFO] 
[INFO] --- resources:3.3.1:testResources (default-testResources) @ sigret-backend ---
[INFO] skip non existing resourceDirectory D:\Nico\Escritorio\PS\Sistema-Gestor-de-Reparaciones-Tecnicas\sigret\sigret-backend\src\test\resources
[INFO] 
[INFO] --- compiler:3.14.0:testCompile (default-testCompile) @ sigret-backend ---
[INFO] Recompiling the module because of changed source code.
[INFO] Compiling 1 source file with javac [debug parameters release 21] to target\test-classes
[INFO] 
[INFO] <<< spring-boot:3.5.6:run (default-cli) < test-compile @ sigret-backend <<<
[INFO] 
[INFO] 
[INFO] --- spring-boot:3.5.6:run (default-cli) @ sigret-backend ---
[INFO] Attaching agents: []

  .   ____          _            __ _ _
 /\\ / ___'_ __ _ _(_)_ __  __ _ \ \ \ \
( ( )\___ | '_ | '_| | '_ \/ _` | \ \ \ \
 \\/  ___)| |_)| | | | | || (_| |  ) ) ) )
  '  |____| .__|_| |_|_| |_\__, | / / / /
 =========|_|==============|___/=/_/_/_/

 :: Spring Boot ::                (v3.5.6)

2025-12-01T17:22:49.452-03:00  INFO 21980 --- [sigret] [  restartedMain] com.sigret.SigretApplication             : Starting SigretApplication using Java 21.0.8 with PID 21980 (D:\Nico\Escritorio\PS\Sistema-Gestor-de-Reparaciones-Tecnicas\sigret\sigret-backend\target\classes started by Nico in D:\Nico\Escritorio\PS\Sistema-Gestor-de-Reparaciones-Tecnicas\sigret\sigret-backend)
2025-12-01T17:22:49.454-03:00 DEBUG 21980 --- [sigret] [  restartedMain] com.sigret.SigretApplication             : Running with Spring Boot v3.5.6, Spring v6.2.11
2025-12-01T17:22:49.455-03:00  INFO 21980 --- [sigret] [  restartedMain] com.sigret.SigretApplication             : No active profile set, falling back to 1 default profile: "default"
2025-12-01T17:22:49.596-03:00  INFO 21980 --- [sigret] [  restartedMain] .e.DevToolsPropertyDefaultsPostProcessor : Devtools property defaults active! Set 'spring.devtools.add-properties' to 'false' to disable
2025-12-01T17:22:49.596-03:00  INFO 21980 --- [sigret] [  restartedMain] .e.DevToolsPropertyDefaultsPostProcessor : For additional web related logging consider setting the 'logging.level.web' property to 'DEBUG'
2025-12-01T17:22:51.505-03:00  INFO 21980 --- [sigret] [  restartedMain] .s.d.r.c.RepositoryConfigurationDelegate : Bootstrapping Spring Data JPA repositories in DEFAULT mode.
2025-12-01T17:22:51.698-03:00  INFO 21980 --- [sigret] [  restartedMain] .s.d.r.c.RepositoryConfigurationDelegate : Finished Spring Data repository scanning in 180 ms. Found 19 JPA repository interfaces.
2025-12-01T17:22:52.731-03:00  INFO 21980 --- [sigret] [  restartedMain] o.s.b.w.embedded.tomcat.TomcatWebServer  : Tomcat initialized with port 8080 (http)
2025-12-01T17:22:52.751-03:00  INFO 21980 --- [sigret] [  restartedMain] o.apache.catalina.core.StandardService   : Starting service [Tomcat]
2025-12-01T17:22:52.751-03:00  INFO 21980 --- [sigret] [  restartedMain] o.apache.catalina.core.StandardEngine    : Starting Servlet engine: [Apache Tomcat/10.1.46]
2025-12-01T17:22:52.851-03:00  INFO 21980 --- [sigret] [  restartedMain] o.a.c.c.C.[Tomcat].[localhost].[/]       : Initializing Spring embedded WebApplicationContext
2025-12-01T17:22:52.853-03:00  INFO 21980 --- [sigret] [  restartedMain] w.s.c.ServletWebServerApplicationContext : Root WebApplicationContext: initialization completed in 3254 ms
2025-12-01T17:22:53.306-03:00  INFO 21980 --- [sigret] [  restartedMain] o.hibernate.jpa.internal.util.LogHelper  : HHH000204: Processing PersistenceUnitInfo [name: default]
2025-12-01T17:22:53.425-03:00  INFO 21980 --- [sigret] [  restartedMain] org.hibernate.Version                    : HHH000412: Hibernate ORM core version 6.6.29.Final
2025-12-01T17:22:53.490-03:00  INFO 21980 --- [sigret] [  restartedMain] o.h.c.internal.RegionFactoryInitiator    : HHH000026: Second-level cache disabled
2025-12-01T17:22:53.929-03:00  INFO 21980 --- [sigret] [  restartedMain] o.s.o.j.p.SpringPersistenceUnitInfo      : No LoadTimeWeaver setup: ignoring JPA class transformer
2025-12-01T17:22:53.978-03:00  INFO 21980 --- [sigret] [  restartedMain] com.zaxxer.hikari.HikariDataSource       : HikariPool-1 - Starting...
2025-12-01T17:22:54.600-03:00  INFO 21980 --- [sigret] [  restartedMain] com.zaxxer.hikari.pool.HikariPool        : HikariPool-1 - Added connection com.mysql.cj.jdbc.ConnectionImpl@406daa9c
2025-12-01T17:22:54.602-03:00  INFO 21980 --- [sigret] [  restartedMain] com.zaxxer.hikari.HikariDataSource       : HikariPool-1 - Start completed.
2025-12-01T17:22:54.678-03:00  WARN 21980 --- [sigret] [  restartedMain] org.hibernate.orm.deprecation            : HHH90000025: MySQLDialect does not need to be specified explicitly using 'hibernate.dialect' (remove the property setting and it will be selected by default)
2025-12-01T17:22:54.699-03:00  INFO 21980 --- [sigret] [  restartedMain] org.hibernate.orm.connections.pooling    : HHH10001005: Database info:
	Database JDBC URL [Connecting through datasource 'HikariDataSource (HikariPool-1)']
	Database driver: undefined/unknown
	Database version: 9.0.1
	Autocommit mode: undefined/unknown
	Isolation level: undefined/unknown
	Minimum pool size: undefined/unknown
	Maximum pool size: undefined/unknown
2025-12-01T17:22:56.738-03:00  INFO 21980 --- [sigret] [  restartedMain] o.h.e.t.j.p.i.JtaPlatformInitiator       : HHH000489: No JTA platform available (set 'hibernate.transaction.jta.platform' to enable JTA platform integration)
2025-12-01T17:22:57.008-03:00  INFO 21980 --- [sigret] [  restartedMain] j.LocalContainerEntityManagerFactoryBean : Initialized JPA EntityManagerFactory for persistence unit 'default'
2025-12-01T17:22:57.464-03:00  INFO 21980 --- [sigret] [  restartedMain] o.s.d.j.r.query.QueryEnhancerFactory     : Hibernate is in classpath; If applicable, HQL parser will be used.
2025-12-01T17:22:58.251-03:00 DEBUG 21980 --- [sigret] [  restartedMain] c.s.security.JwtAuthenticationFilter     : Filter 'jwtAuthenticationFilter' configured for use
2025-12-01T17:23:02.036-03:00  INFO 21980 --- [sigret] [  restartedMain] eAuthenticationProviderManagerConfigurer : Global AuthenticationManager configured with AuthenticationProvider bean with name authenticationProvider
2025-12-01T17:23:02.037-03:00  WARN 21980 --- [sigret] [  restartedMain] r$InitializeUserDetailsManagerConfigurer : Global AuthenticationManager configured with an AuthenticationProvider bean. UserDetailsService beans will not be used by Spring Security for automatically configuring username/password login. Consider removing the AuthenticationProvider bean. Alternatively, consider using the UserDetailsService in a manually instantiated DaoAuthenticationProvider. If the current configuration is intentional, to turn off this warning, increase the logging level of 'org.springframework.security.config.annotation.authentication.configuration.InitializeUserDetailsBeanManagerConfigurer' to ERROR
2025-12-01T17:23:02.336-03:00  WARN 21980 --- [sigret] [  restartedMain] JpaBaseConfiguration$JpaWebConfiguration : spring.jpa.open-in-view is enabled by default. Therefore, database queries may be performed during view rendering. Explicitly configure spring.jpa.open-in-view to disable this warning
2025-12-01T17:23:02.983-03:00  INFO 21980 --- [sigret] [  restartedMain] o.s.b.a.e.web.EndpointLinksResolver      : Exposing 3 endpoints beneath base path '/actuator'
2025-12-01T17:23:03.929-03:00  WARN 21980 --- [sigret] [  restartedMain] o.s.b.d.a.OptionalLiveReloadServer       : Unable to start LiveReload server
2025-12-01T17:23:04.014-03:00  INFO 21980 --- [sigret] [  restartedMain] o.s.m.s.b.SimpleBrokerMessageHandler     : Starting...
2025-12-01T17:23:04.015-03:00  INFO 21980 --- [sigret] [  restartedMain] o.s.m.s.b.SimpleBrokerMessageHandler     : BrokerAvailabilityEvent[available=true, SimpleBrokerMessageHandler [org.springframework.messaging.simp.broker.DefaultSubscriptionRegistry@2aceab24]]
2025-12-01T17:23:04.016-03:00  INFO 21980 --- [sigret] [  restartedMain] o.s.m.s.b.SimpleBrokerMessageHandler     : Started.
2025-12-01T17:23:04.024-03:00  INFO 21980 --- [sigret] [  restartedMain] o.s.m.s.b.SimpleBrokerMessageHandler     : Stopping...
2025-12-01T17:23:04.025-03:00  INFO 21980 --- [sigret] [  restartedMain] o.s.m.s.b.SimpleBrokerMessageHandler     : BrokerAvailabilityEvent[available=false, SimpleBrokerMessageHandler [org.springframework.messaging.simp.broker.DefaultSubscriptionRegistry@2aceab24]]
2025-12-01T17:23:04.025-03:00  INFO 21980 --- [sigret] [  restartedMain] o.s.m.s.b.SimpleBrokerMessageHandler     : Stopped.
2025-12-01T17:23:04.025-03:00  WARN 21980 --- [sigret] [  restartedMain] ConfigServletWebServerApplicationContext : Exception encountered during context initialization - cancelling refresh attempt: org.springframework.context.ApplicationContextException: Failed to start bean 'webServerStartStop'
2025-12-01T17:23:04.037-03:00  INFO 21980 --- [sigret] [  restartedMain] j.LocalContainerEntityManagerFactoryBean : Closing JPA EntityManagerFactory for persistence unit 'default'
2025-12-01T17:23:04.040-03:00  INFO 21980 --- [sigret] [  restartedMain] com.zaxxer.hikari.HikariDataSource       : HikariPool-1 - Shutdown initiated...
2025-12-01T17:23:04.052-03:00  INFO 21980 --- [sigret] [  restartedMain] com.zaxxer.hikari.HikariDataSource       : HikariPool-1 - Shutdown completed.
2025-12-01T17:23:04.075-03:00  INFO 21980 --- [sigret] [  restartedMain] .s.b.a.l.ConditionEvaluationReportLogger : 

Error starting ApplicationContext. To display the condition evaluation report re-run your application with 'debug' enabled.
2025-12-01T17:23:04.103-03:00 ERROR 21980 --- [sigret] [  restartedMain] o.s.b.d.LoggingFailureAnalysisReporter   : 

***************************
APPLICATION FAILED TO START
***************************

Description:

Web server failed to start. Port 8080 was already in use.

Action:

Identify and stop the process that's listening on port 8080 or configure this application to listen on another port.

[INFO] ------------------------------------------------------------------------
[INFO] BUILD SUCCESS
[INFO] ------------------------------------------------------------------------
[INFO] Total time:  24.995 s
[INFO] Finished at: 2025-12-01T17:23:04-03:00
[INFO] ------------------------------------------------------------------------
